{"uid":"29e4e40831615d0b","name":"Proceed to checkout","fullName":"tests.test_shopping_cart.TestShoppingCart#test_proceed_to_checkout","historyId":"7c7baeaf2d7e4d372eebf4b70da7fa66","time":{"start":1711295183569,"stop":1711295183569,"duration":0},"status":"broken","statusMessage":"selenium.common.exceptions.ElementClickInterceptedException: Message: element click intercepted: Element <button _ngcontent-bal-c81=\"\" routerlink=\"cart\" class=\"bg-green-600 text-white rounded-full w-9 h-9\" tabindex=\"0\">...</button> is not clickable at point (699, 273). Other element would receive the click: <div _ngcontent-bal-c81=\"\" class=\"pt-3 flex justify-between\">...</div>\n  (Session info: chrome-headless-shell=122.0.6261.128)\nStacktrace:\n#0 0x555ebc8ccf33 <unknown>\n#1 0x555ebc5c4ce6 <unknown>\n#2 0x555ebc616a73 <unknown>\n#3 0x555ebc61498e <unknown>\n#4 0x555ebc612367 <unknown>\n#5 0x555ebc611732 <unknown>\n#6 0x555ebc604d27 <unknown>\n#7 0x555ebc631eb2 <unknown>\n#8 0x555ebc6046b8 <unknown>\n#9 0x555ebc63207e <unknown>\n#10 0x555ebc650899 <unknown>\n#11 0x555ebc631c53 <unknown>\n#12 0x555ebc602db3 <unknown>\n#13 0x555ebc60377e <unknown>\n#14 0x555ebc89286b <unknown>\n#15 0x555ebc896885 <unknown>\n#16 0x555ebc880181 <unknown>\n#17 0x555ebc897412 <unknown>\n#18 0x555ebc86425f <unknown>\n#19 0x555ebc8bb528 <unknown>\n#20 0x555ebc8bb723 <unknown>\n#21 0x555ebc8cc0e4 <unknown>\n#22 0x7f92f6094ac3 <unknown>","statusTrace":"driver = <selenium.webdriver.chrome.webdriver.WebDriver (session=\"1e2a7ab11806970dae139c46a4f1bfb1\")>\n\n    @allure.title(\"Add item to cart\")\n    @pytest.fixture()\n    def add_product_to_cart(driver):\n        catalog_page = CatalogPage(driver)\n        shopping_cart_page = ShoppingCartPage(driver)\n        catalog_page.open()\n        catalog_page.is_opened()\n        catalog_page.add_item_to_cart()\n        catalog_page.open_windows_view_cart()\n>       catalog_page.open_shopping_cart()\n\nconftest.py:57: \n_ _ _ _ _ _ _ _ _ _ _ _ _ _ _ _ _ _ _ _ _ _ _ _ _ _ _ _ _ _ _ _ _ _ _ _ _ _ _ _ \npages/catalog_page.py:139: in open_shopping_cart\n    self.wait.until(EC.presence_of_element_located(self.OPEN_SHOPPING_CART)).click()\n/opt/hostedtoolcache/Python/3.12.2/x64/lib/python3.12/site-packages/selenium/webdriver/remote/webelement.py:94: in click\n    self._execute(Command.CLICK_ELEMENT)\n/opt/hostedtoolcache/Python/3.12.2/x64/lib/python3.12/site-packages/selenium/webdriver/remote/webelement.py:395: in _execute\n    return self._parent.execute(command, params)\n/opt/hostedtoolcache/Python/3.12.2/x64/lib/python3.12/site-packages/selenium/webdriver/remote/webdriver.py:347: in execute\n    self.error_handler.check_response(response)\n_ _ _ _ _ _ _ _ _ _ _ _ _ _ _ _ _ _ _ _ _ _ _ _ _ _ _ _ _ _ _ _ _ _ _ _ _ _ _ _ \n\nself = <selenium.webdriver.remote.errorhandler.ErrorHandler object at 0x7f83aad26de0>\nresponse = {'status': 400, 'value': '{\"value\":{\"error\":\"element click intercepted\",\"message\":\"element click intercepted: Element ...\\\\n#20 0x555ebc8bb723 \\\\u003Cunknown>\\\\n#21 0x555ebc8cc0e4 \\\\u003Cunknown>\\\\n#22 0x7f92f6094ac3 \\\\u003Cunknown>\\\\n\"}}'}\n\n    def check_response(self, response: Dict[str, Any]) -> None:\n        \"\"\"Checks that a JSON response from the WebDriver does not have an\n        error.\n    \n        :Args:\n         - response - The JSON response from the WebDriver server as a dictionary\n           object.\n    \n        :Raises: If the response contains an error message.\n        \"\"\"\n        status = response.get(\"status\", None)\n        if not status or status == ErrorCode.SUCCESS:\n            return\n        value = None\n        message = response.get(\"message\", \"\")\n        screen: str = response.get(\"screen\", \"\")\n        stacktrace = None\n        if isinstance(status, int):\n            value_json = response.get(\"value\", None)\n            if value_json and isinstance(value_json, str):\n                import json\n    \n                try:\n                    value = json.loads(value_json)\n                    if len(value) == 1:\n                        value = value[\"value\"]\n                    status = value.get(\"error\", None)\n                    if not status:\n                        status = value.get(\"status\", ErrorCode.UNKNOWN_ERROR)\n                        message = value.get(\"value\") or value.get(\"message\")\n                        if not isinstance(message, str):\n                            value = message\n                            message = message.get(\"message\")\n                    else:\n                        message = value.get(\"message\", None)\n                except ValueError:\n                    pass\n    \n        exception_class: Type[WebDriverException]\n        e = ErrorCode()\n        error_codes = [item for item in dir(e) if not item.startswith(\"__\")]\n        for error_code in error_codes:\n            error_info = getattr(ErrorCode, error_code)\n            if isinstance(error_info, list) and status in error_info:\n                exception_class = getattr(ExceptionMapping, error_code, WebDriverException)\n                break\n        else:\n            exception_class = WebDriverException\n    \n        if not value:\n            value = response[\"value\"]\n        if isinstance(value, str):\n            raise exception_class(value)\n        if message == \"\" and \"message\" in value:\n            message = value[\"message\"]\n    \n        screen = None  # type: ignore[assignment]\n        if \"screen\" in value:\n            screen = value[\"screen\"]\n    \n        stacktrace = None\n        st_value = value.get(\"stackTrace\") or value.get(\"stacktrace\")\n        if st_value:\n            if isinstance(st_value, str):\n                stacktrace = st_value.split(\"\\n\")\n            else:\n                stacktrace = []\n                try:\n                    for frame in st_value:\n                        line = frame.get(\"lineNumber\", \"\")\n                        file = frame.get(\"fileName\", \"<anonymous>\")\n                        if line:\n                            file = f\"{file}:{line}\"\n                        meth = frame.get(\"methodName\", \"<anonymous>\")\n                        if \"className\" in frame:\n                            meth = f\"{frame['className']}.{meth}\"\n                        msg = \"    at %s (%s)\"\n                        msg = msg % (meth, file)\n                        stacktrace.append(msg)\n                except TypeError:\n                    pass\n        if exception_class == UnexpectedAlertPresentException:\n            alert_text = None\n            if \"data\" in value:\n                alert_text = value[\"data\"].get(\"text\")\n            elif \"alert\" in value:\n                alert_text = value[\"alert\"].get(\"text\")\n            raise exception_class(message, screen, stacktrace, alert_text)  # type: ignore[call-arg]  # mypy is not smart enough here\n>       raise exception_class(message, screen, stacktrace)\nE       selenium.common.exceptions.ElementClickInterceptedException: Message: element click intercepted: Element <button _ngcontent-bal-c81=\"\" routerlink=\"cart\" class=\"bg-green-600 text-white rounded-full w-9 h-9\" tabindex=\"0\">...</button> is not clickable at point (699, 273). Other element would receive the click: <div _ngcontent-bal-c81=\"\" class=\"pt-3 flex justify-between\">...</div>\nE         (Session info: chrome-headless-shell=122.0.6261.128)\nE       Stacktrace:\nE       #0 0x555ebc8ccf33 <unknown>\nE       #1 0x555ebc5c4ce6 <unknown>\nE       #2 0x555ebc616a73 <unknown>\nE       #3 0x555ebc61498e <unknown>\nE       #4 0x555ebc612367 <unknown>\nE       #5 0x555ebc611732 <unknown>\nE       #6 0x555ebc604d27 <unknown>\nE       #7 0x555ebc631eb2 <unknown>\nE       #8 0x555ebc6046b8 <unknown>\nE       #9 0x555ebc63207e <unknown>\nE       #10 0x555ebc650899 <unknown>\nE       #11 0x555ebc631c53 <unknown>\nE       #12 0x555ebc602db3 <unknown>\nE       #13 0x555ebc60377e <unknown>\nE       #14 0x555ebc89286b <unknown>\nE       #15 0x555ebc896885 <unknown>\nE       #16 0x555ebc880181 <unknown>\nE       #17 0x555ebc897412 <unknown>\nE       #18 0x555ebc86425f <unknown>\nE       #19 0x555ebc8bb528 <unknown>\nE       #20 0x555ebc8bb723 <unknown>\nE       #21 0x555ebc8cc0e4 <unknown>\nE       #22 0x7f92f6094ac3 <unknown>\n\n/opt/hostedtoolcache/Python/3.12.2/x64/lib/python3.12/site-packages/selenium/webdriver/remote/errorhandler.py:229: ElementClickInterceptedException","flaky":false,"newFailed":false,"newBroken":true,"newPassed":false,"retriesCount":0,"retriesStatusChange":false,"beforeStages":[{"name":"driver","time":{"start":1711295183570,"stop":1711295183745,"duration":175},"status":"passed","steps":[],"attachments":[],"parameters":[],"shouldDisplayMessage":false,"stepsCount":0,"attachmentsCount":0,"hasContent":false},{"name":"Add item to cart","time":{"start":1711295183745,"stop":1711295191210,"duration":7465},"status":"broken","statusMessage":"selenium.common.exceptions.ElementClickInterceptedException: Message: element click intercepted: Element <button _ngcontent-bal-c81=\"\" routerlink=\"cart\" class=\"bg-green-600 text-white rounded-full w-9 h-9\" tabindex=\"0\">...</button> is not clickable at point (699, 273). Other element would receive the click: <div _ngcontent-bal-c81=\"\" class=\"pt-3 flex justify-between\">...</div>\n  (Session info: chrome-headless-shell=122.0.6261.128)\nStacktrace:\n#0 0x555ebc8ccf33 <unknown>\n#1 0x555ebc5c4ce6 <unknown>\n#2 0x555ebc616a73 <unknown>\n#3 0x555ebc61498e <unknown>\n#4 0x555ebc612367 <unknown>\n#5 0x555ebc611732 <unknown>\n#6 0x555ebc604d27 <unknown>\n#7 0x555ebc631eb2 <unknown>\n#8 0x555ebc6046b8 <unknown>\n#9 0x555ebc63207e <unknown>\n#10 0x555ebc650899 <unknown>\n#11 0x555ebc631c53 <unknown>\n#12 0x555ebc602db3 <unknown>\n#13 0x555ebc60377e <unknown>\n#14 0x555ebc89286b <unknown>\n#15 0x555ebc896885 <unknown>\n#16 0x555ebc880181 <unknown>\n#17 0x555ebc897412 <unknown>\n#18 0x555ebc86425f <unknown>\n#19 0x555ebc8bb528 <unknown>\n#20 0x555ebc8bb723 <unknown>\n#21 0x555ebc8cc0e4 <unknown>\n#22 0x7f92f6094ac3 <unknown>\n\n","statusTrace":"  File \"/opt/hostedtoolcache/Python/3.12.2/x64/lib/python3.12/site-packages/pluggy/_callers.py\", line 166, in _multicall\n    teardown.throw(outcome._exception)\n  File \"/opt/hostedtoolcache/Python/3.12.2/x64/lib/python3.12/site-packages/_pytest/setuponly.py\", line 36, in pytest_fixture_setup\n    return (yield)\n            ^^^^^\n  File \"/opt/hostedtoolcache/Python/3.12.2/x64/lib/python3.12/site-packages/pluggy/_callers.py\", line 102, in _multicall\n    res = hook_impl.function(*args)\n          ^^^^^^^^^^^^^^^^^^^^^^^^^\n  File \"/opt/hostedtoolcache/Python/3.12.2/x64/lib/python3.12/site-packages/_pytest/fixtures.py\", line 1149, in pytest_fixture_setup\n    result = call_fixture_func(fixturefunc, request, kwargs)\n             ^^^^^^^^^^^^^^^^^^^^^^^^^^^^^^^^^^^^^^^^^^^^^^^\n  File \"/opt/hostedtoolcache/Python/3.12.2/x64/lib/python3.12/site-packages/_pytest/fixtures.py\", line 923, in call_fixture_func\n    fixture_result = fixturefunc(**kwargs)\n                     ^^^^^^^^^^^^^^^^^^^^^\n  File \"/home/runner/work/training_store_ui/training_store_ui/conftest.py\", line 57, in add_product_to_cart\n    catalog_page.open_shopping_cart()\n  File \"/opt/hostedtoolcache/Python/3.12.2/x64/lib/python3.12/site-packages/allure_commons/_allure.py\", line 192, in impl\n    return func(*a, **kw)\n           ^^^^^^^^^^^^^^\n  File \"/home/runner/work/training_store_ui/training_store_ui/pages/catalog_page.py\", line 139, in open_shopping_cart\n    self.wait.until(EC.presence_of_element_located(self.OPEN_SHOPPING_CART)).click()\n  File \"/opt/hostedtoolcache/Python/3.12.2/x64/lib/python3.12/site-packages/selenium/webdriver/remote/webelement.py\", line 94, in click\n    self._execute(Command.CLICK_ELEMENT)\n  File \"/opt/hostedtoolcache/Python/3.12.2/x64/lib/python3.12/site-packages/selenium/webdriver/remote/webelement.py\", line 395, in _execute\n    return self._parent.execute(command, params)\n           ^^^^^^^^^^^^^^^^^^^^^^^^^^^^^^^^^^^^^\n  File \"/opt/hostedtoolcache/Python/3.12.2/x64/lib/python3.12/site-packages/selenium/webdriver/remote/webdriver.py\", line 347, in execute\n    self.error_handler.check_response(response)\n  File \"/opt/hostedtoolcache/Python/3.12.2/x64/lib/python3.12/site-packages/selenium/webdriver/remote/errorhandler.py\", line 229, in check_response\n    raise exception_class(message, screen, stacktrace)\n","steps":[{"name":"Open URL","time":{"start":1711295183745,"stop":1711295184903,"duration":1158},"status":"passed","steps":[],"attachments":[],"parameters":[],"shouldDisplayMessage":false,"stepsCount":0,"attachmentsCount":0,"hasContent":false},{"name":"Check is opened URL","time":{"start":1711295184903,"stop":1711295184906,"duration":3},"status":"passed","steps":[],"attachments":[],"parameters":[],"shouldDisplayMessage":false,"stepsCount":0,"attachmentsCount":0,"hasContent":false},{"name":"Add items to cart","time":{"start":1711295184906,"stop":1711295190084,"duration":5178},"status":"passed","steps":[],"attachments":[],"parameters":[{"name":"quantity","value":"1"}],"shouldDisplayMessage":false,"stepsCount":0,"attachmentsCount":0,"hasContent":true},{"name":"Open the cart view window","time":{"start":1711295190084,"stop":1711295190136,"duration":52},"status":"passed","steps":[],"attachments":[],"parameters":[],"shouldDisplayMessage":false,"stepsCount":0,"attachmentsCount":0,"hasContent":false},{"name":"Open shopping cart","time":{"start":1711295190136,"stop":1711295191210,"duration":1074},"status":"broken","statusMessage":"selenium.common.exceptions.ElementClickInterceptedException: Message: element click intercepted: Element <button _ngcontent-bal-c81=\"\" routerlink=\"cart\" class=\"bg-green-600 text-white rounded-full w-9 h-9\" tabindex=\"0\">...</button> is not clickable at point (699, 273). Other element would receive the click: <div _ngcontent-bal-c81=\"\" class=\"pt-3 flex justify-between\">...</div>\n  (Session info: chrome-headless-shell=122.0.6261.128)\nStacktrace:\n#0 0x555ebc8ccf33 <unknown>\n#1 0x555ebc5c4ce6 <unknown>\n#2 0x555ebc616a73 <unknown>\n#3 0x555ebc61498e <unknown>\n#4 0x555ebc612367 <unknown>\n#5 0x555ebc611732 <unknown>\n#6 0x555ebc604d27 <unknown>\n#7 0x555ebc631eb2 <unknown>\n#8 0x555ebc6046b8 <unknown>\n#9 0x555ebc63207e <unknown>\n#10 0x555ebc650899 <unknown>\n#11 0x555ebc631c53 <unknown>\n#12 0x555ebc602db3 <unknown>\n#13 0x555ebc60377e <unknown>\n#14 0x555ebc89286b <unknown>\n#15 0x555ebc896885 <unknown>\n#16 0x555ebc880181 <unknown>\n#17 0x555ebc897412 <unknown>\n#18 0x555ebc86425f <unknown>\n#19 0x555ebc8bb528 <unknown>\n#20 0x555ebc8bb723 <unknown>\n#21 0x555ebc8cc0e4 <unknown>\n#22 0x7f92f6094ac3 <unknown>\n\n","statusTrace":"  File \"/opt/hostedtoolcache/Python/3.12.2/x64/lib/python3.12/site-packages/allure_commons/_allure.py\", line 192, in impl\n    return func(*a, **kw)\n           ^^^^^^^^^^^^^^\n  File \"/home/runner/work/training_store_ui/training_store_ui/pages/catalog_page.py\", line 139, in open_shopping_cart\n    self.wait.until(EC.presence_of_element_located(self.OPEN_SHOPPING_CART)).click()\n  File \"/opt/hostedtoolcache/Python/3.12.2/x64/lib/python3.12/site-packages/selenium/webdriver/remote/webelement.py\", line 94, in click\n    self._execute(Command.CLICK_ELEMENT)\n  File \"/opt/hostedtoolcache/Python/3.12.2/x64/lib/python3.12/site-packages/selenium/webdriver/remote/webelement.py\", line 395, in _execute\n    return self._parent.execute(command, params)\n           ^^^^^^^^^^^^^^^^^^^^^^^^^^^^^^^^^^^^^\n  File \"/opt/hostedtoolcache/Python/3.12.2/x64/lib/python3.12/site-packages/selenium/webdriver/remote/webdriver.py\", line 347, in execute\n    self.error_handler.check_response(response)\n  File \"/opt/hostedtoolcache/Python/3.12.2/x64/lib/python3.12/site-packages/selenium/webdriver/remote/errorhandler.py\", line 229, in check_response\n    raise exception_class(message, screen, stacktrace)\n","steps":[],"attachments":[],"parameters":[],"shouldDisplayMessage":true,"stepsCount":0,"attachmentsCount":0,"hasContent":true}],"attachments":[],"parameters":[],"shouldDisplayMessage":false,"stepsCount":5,"attachmentsCount":0,"hasContent":true},{"name":"setup","time":{"start":1711295183745,"stop":1711295183745,"duration":0},"status":"passed","steps":[],"attachments":[],"parameters":[],"shouldDisplayMessage":false,"stepsCount":0,"attachmentsCount":0,"hasContent":false}],"afterStages":[{"name":"driver::0","time":{"start":1711295191260,"stop":1711295191320,"duration":60},"status":"passed","steps":[],"attachments":[],"parameters":[],"shouldDisplayMessage":false,"stepsCount":0,"attachmentsCount":0,"hasContent":false}],"labels":[{"name":"feature","value":"Shopping cart"},{"name":"tag","value":"smoke"},{"name":"parentSuite","value":"tests"},{"name":"suite","value":"test_shopping_cart"},{"name":"subSuite","value":"TestShoppingCart"},{"name":"host","value":"fv-az1391-496"},{"name":"thread","value":"1802-MainThread"},{"name":"framework","value":"pytest"},{"name":"language","value":"cpython3"},{"name":"package","value":"tests.test_shopping_cart"},{"name":"resultFormat","value":"allure2"}],"parameters":[],"links":[],"hidden":false,"retry":false,"extra":{"severity":"normal","retries":[],"categories":[{"name":"Test defects","matchedStatuses":[],"flaky":false}],"history":{"statistic":{"failed":0,"broken":1,"skipped":0,"passed":1,"unknown":0,"total":2},"items":[{"uid":"ffec8b32771a3795","status":"passed","time":{"start":1709910759072,"stop":1709910761531,"duration":2459}}]},"tags":["smoke"]},"source":"29e4e40831615d0b.json","parameterValues":[]}