{"uid":"7782ecef667ce4bc","name":"Show items in a grid of 4","fullName":"tests.test_catalog.TestCatalogPrice#test_view_grid_catalog_4product","historyId":"8e11c97ef397c4ac9f5a6ab1d6665144","time":{"start":1709999821765,"stop":1709999822938,"duration":1173},"status":"broken","statusMessage":"selenium.common.exceptions.NoSuchElementException: Message: no such element: Unable to locate element: {\"method\":\"xpath\",\"selector\":\"//mat-grid-list[@guttersize=\"16\"]\"}\n  (Session info: chrome-headless-shell=122.0.6261.94); For documentation on this error, please visit: https://www.selenium.dev/documentation/webdriver/troubleshooting/errors#no-such-element-exception\nStacktrace:\n#0 0x5563af1b5e93 <unknown>\n#1 0x5563aeeadce6 <unknown>\n#2 0x5563aeef8e48 <unknown>\n#3 0x5563aeef8f01 <unknown>\n#4 0x5563aef3c3f4 <unknown>\n#5 0x5563aef1aedd <unknown>\n#6 0x5563aef39899 <unknown>\n#7 0x5563aef1ac53 <unknown>\n#8 0x5563aeeebdb3 <unknown>\n#9 0x5563aeeec77e <unknown>\n#10 0x5563af17b7cb <unknown>\n#11 0x5563af17f7e5 <unknown>\n#12 0x5563af1690e1 <unknown>\n#13 0x5563af180372 <unknown>\n#14 0x5563af14d1bf <unknown>\n#15 0x5563af1a4488 <unknown>\n#16 0x5563af1a4683 <unknown>\n#17 0x5563af1b5044 <unknown>\n#18 0x7f0222494ac3 <unknown>","statusTrace":"self = <test_catalog.TestCatalogPrice object at 0x7fc60512d610>\n\n    @allure.title(\"Show items in a grid of 4\")\n    def test_view_grid_catalog_4product(self):\n        self.catalog_page.open()\n        self.catalog_page.is_opened()\n        self.catalog_page.button_view_grid_4products_click()\n>       self.catalog_page.check_view_grid(4)\n\ntests/test_catalog.py:103: \n_ _ _ _ _ _ _ _ _ _ _ _ _ _ _ _ _ _ _ _ _ _ _ _ _ _ _ _ _ _ _ _ _ _ _ _ _ _ _ _ \npages/catalog_page.py:164: in check_view_grid\n    assert self.attribute_cols_value_gridlist() == grid, 'Wrong product display grid'\npages/catalog_page.py:120: in attribute_cols_value_gridlist\n    return int(self.driver.find_element(*self.GRID_LIST_SELECTOR).get_attribute(\"cols\"))\n/opt/hostedtoolcache/Python/3.12.2/x64/lib/python3.12/site-packages/selenium/webdriver/remote/webdriver.py:741: in find_element\n    return self.execute(Command.FIND_ELEMENT, {\"using\": by, \"value\": value})[\"value\"]\n/opt/hostedtoolcache/Python/3.12.2/x64/lib/python3.12/site-packages/selenium/webdriver/remote/webdriver.py:347: in execute\n    self.error_handler.check_response(response)\n_ _ _ _ _ _ _ _ _ _ _ _ _ _ _ _ _ _ _ _ _ _ _ _ _ _ _ _ _ _ _ _ _ _ _ _ _ _ _ _ \n\nself = <selenium.webdriver.remote.errorhandler.ErrorHandler object at 0x7fc60501d070>\nresponse = {'status': 404, 'value': '{\"value\":{\"error\":\"no such element\",\"message\":\"no such element: Unable to locate element: {\\...\\\\n#16 0x5563af1a4683 \\\\u003Cunknown>\\\\n#17 0x5563af1b5044 \\\\u003Cunknown>\\\\n#18 0x7f0222494ac3 \\\\u003Cunknown>\\\\n\"}}'}\n\n    def check_response(self, response: Dict[str, Any]) -> None:\n        \"\"\"Checks that a JSON response from the WebDriver does not have an\n        error.\n    \n        :Args:\n         - response - The JSON response from the WebDriver server as a dictionary\n           object.\n    \n        :Raises: If the response contains an error message.\n        \"\"\"\n        status = response.get(\"status\", None)\n        if not status or status == ErrorCode.SUCCESS:\n            return\n        value = None\n        message = response.get(\"message\", \"\")\n        screen: str = response.get(\"screen\", \"\")\n        stacktrace = None\n        if isinstance(status, int):\n            value_json = response.get(\"value\", None)\n            if value_json and isinstance(value_json, str):\n                import json\n    \n                try:\n                    value = json.loads(value_json)\n                    if len(value) == 1:\n                        value = value[\"value\"]\n                    status = value.get(\"error\", None)\n                    if not status:\n                        status = value.get(\"status\", ErrorCode.UNKNOWN_ERROR)\n                        message = value.get(\"value\") or value.get(\"message\")\n                        if not isinstance(message, str):\n                            value = message\n                            message = message.get(\"message\")\n                    else:\n                        message = value.get(\"message\", None)\n                except ValueError:\n                    pass\n    \n        exception_class: Type[WebDriverException]\n        e = ErrorCode()\n        error_codes = [item for item in dir(e) if not item.startswith(\"__\")]\n        for error_code in error_codes:\n            error_info = getattr(ErrorCode, error_code)\n            if isinstance(error_info, list) and status in error_info:\n                exception_class = getattr(ExceptionMapping, error_code, WebDriverException)\n                break\n        else:\n            exception_class = WebDriverException\n    \n        if not value:\n            value = response[\"value\"]\n        if isinstance(value, str):\n            raise exception_class(value)\n        if message == \"\" and \"message\" in value:\n            message = value[\"message\"]\n    \n        screen = None  # type: ignore[assignment]\n        if \"screen\" in value:\n            screen = value[\"screen\"]\n    \n        stacktrace = None\n        st_value = value.get(\"stackTrace\") or value.get(\"stacktrace\")\n        if st_value:\n            if isinstance(st_value, str):\n                stacktrace = st_value.split(\"\\n\")\n            else:\n                stacktrace = []\n                try:\n                    for frame in st_value:\n                        line = frame.get(\"lineNumber\", \"\")\n                        file = frame.get(\"fileName\", \"<anonymous>\")\n                        if line:\n                            file = f\"{file}:{line}\"\n                        meth = frame.get(\"methodName\", \"<anonymous>\")\n                        if \"className\" in frame:\n                            meth = f\"{frame['className']}.{meth}\"\n                        msg = \"    at %s (%s)\"\n                        msg = msg % (meth, file)\n                        stacktrace.append(msg)\n                except TypeError:\n                    pass\n        if exception_class == UnexpectedAlertPresentException:\n            alert_text = None\n            if \"data\" in value:\n                alert_text = value[\"data\"].get(\"text\")\n            elif \"alert\" in value:\n                alert_text = value[\"alert\"].get(\"text\")\n            raise exception_class(message, screen, stacktrace, alert_text)  # type: ignore[call-arg]  # mypy is not smart enough here\n>       raise exception_class(message, screen, stacktrace)\nE       selenium.common.exceptions.NoSuchElementException: Message: no such element: Unable to locate element: {\"method\":\"xpath\",\"selector\":\"//mat-grid-list[@guttersize=\"16\"]\"}\nE         (Session info: chrome-headless-shell=122.0.6261.94); For documentation on this error, please visit: https://www.selenium.dev/documentation/webdriver/troubleshooting/errors#no-such-element-exception\nE       Stacktrace:\nE       #0 0x5563af1b5e93 <unknown>\nE       #1 0x5563aeeadce6 <unknown>\nE       #2 0x5563aeef8e48 <unknown>\nE       #3 0x5563aeef8f01 <unknown>\nE       #4 0x5563aef3c3f4 <unknown>\nE       #5 0x5563aef1aedd <unknown>\nE       #6 0x5563aef39899 <unknown>\nE       #7 0x5563aef1ac53 <unknown>\nE       #8 0x5563aeeebdb3 <unknown>\nE       #9 0x5563aeeec77e <unknown>\nE       #10 0x5563af17b7cb <unknown>\nE       #11 0x5563af17f7e5 <unknown>\nE       #12 0x5563af1690e1 <unknown>\nE       #13 0x5563af180372 <unknown>\nE       #14 0x5563af14d1bf <unknown>\nE       #15 0x5563af1a4488 <unknown>\nE       #16 0x5563af1a4683 <unknown>\nE       #17 0x5563af1b5044 <unknown>\nE       #18 0x7f0222494ac3 <unknown>\n\n/opt/hostedtoolcache/Python/3.12.2/x64/lib/python3.12/site-packages/selenium/webdriver/remote/errorhandler.py:229: NoSuchElementException","flaky":false,"newFailed":false,"newBroken":false,"newPassed":false,"retriesCount":0,"retriesStatusChange":false,"beforeStages":[{"name":"driver","time":{"start":1709999821589,"stop":1709999821764,"duration":175},"status":"passed","steps":[],"attachments":[],"parameters":[],"shouldDisplayMessage":false,"stepsCount":0,"attachmentsCount":0,"hasContent":false},{"name":"setup","time":{"start":1709999821764,"stop":1709999821765,"duration":1},"status":"passed","steps":[],"attachments":[],"parameters":[],"shouldDisplayMessage":false,"stepsCount":0,"attachmentsCount":0,"hasContent":false}],"testStage":{"status":"broken","statusMessage":"selenium.common.exceptions.NoSuchElementException: Message: no such element: Unable to locate element: {\"method\":\"xpath\",\"selector\":\"//mat-grid-list[@guttersize=\"16\"]\"}\n  (Session info: chrome-headless-shell=122.0.6261.94); For documentation on this error, please visit: https://www.selenium.dev/documentation/webdriver/troubleshooting/errors#no-such-element-exception\nStacktrace:\n#0 0x5563af1b5e93 <unknown>\n#1 0x5563aeeadce6 <unknown>\n#2 0x5563aeef8e48 <unknown>\n#3 0x5563aeef8f01 <unknown>\n#4 0x5563aef3c3f4 <unknown>\n#5 0x5563aef1aedd <unknown>\n#6 0x5563aef39899 <unknown>\n#7 0x5563aef1ac53 <unknown>\n#8 0x5563aeeebdb3 <unknown>\n#9 0x5563aeeec77e <unknown>\n#10 0x5563af17b7cb <unknown>\n#11 0x5563af17f7e5 <unknown>\n#12 0x5563af1690e1 <unknown>\n#13 0x5563af180372 <unknown>\n#14 0x5563af14d1bf <unknown>\n#15 0x5563af1a4488 <unknown>\n#16 0x5563af1a4683 <unknown>\n#17 0x5563af1b5044 <unknown>\n#18 0x7f0222494ac3 <unknown>","statusTrace":"self = <test_catalog.TestCatalogPrice object at 0x7fc60512d610>\n\n    @allure.title(\"Show items in a grid of 4\")\n    def test_view_grid_catalog_4product(self):\n        self.catalog_page.open()\n        self.catalog_page.is_opened()\n        self.catalog_page.button_view_grid_4products_click()\n>       self.catalog_page.check_view_grid(4)\n\ntests/test_catalog.py:103: \n_ _ _ _ _ _ _ _ _ _ _ _ _ _ _ _ _ _ _ _ _ _ _ _ _ _ _ _ _ _ _ _ _ _ _ _ _ _ _ _ \npages/catalog_page.py:164: in check_view_grid\n    assert self.attribute_cols_value_gridlist() == grid, 'Wrong product display grid'\npages/catalog_page.py:120: in attribute_cols_value_gridlist\n    return int(self.driver.find_element(*self.GRID_LIST_SELECTOR).get_attribute(\"cols\"))\n/opt/hostedtoolcache/Python/3.12.2/x64/lib/python3.12/site-packages/selenium/webdriver/remote/webdriver.py:741: in find_element\n    return self.execute(Command.FIND_ELEMENT, {\"using\": by, \"value\": value})[\"value\"]\n/opt/hostedtoolcache/Python/3.12.2/x64/lib/python3.12/site-packages/selenium/webdriver/remote/webdriver.py:347: in execute\n    self.error_handler.check_response(response)\n_ _ _ _ _ _ _ _ _ _ _ _ _ _ _ _ _ _ _ _ _ _ _ _ _ _ _ _ _ _ _ _ _ _ _ _ _ _ _ _ \n\nself = <selenium.webdriver.remote.errorhandler.ErrorHandler object at 0x7fc60501d070>\nresponse = {'status': 404, 'value': '{\"value\":{\"error\":\"no such element\",\"message\":\"no such element: Unable to locate element: {\\...\\\\n#16 0x5563af1a4683 \\\\u003Cunknown>\\\\n#17 0x5563af1b5044 \\\\u003Cunknown>\\\\n#18 0x7f0222494ac3 \\\\u003Cunknown>\\\\n\"}}'}\n\n    def check_response(self, response: Dict[str, Any]) -> None:\n        \"\"\"Checks that a JSON response from the WebDriver does not have an\n        error.\n    \n        :Args:\n         - response - The JSON response from the WebDriver server as a dictionary\n           object.\n    \n        :Raises: If the response contains an error message.\n        \"\"\"\n        status = response.get(\"status\", None)\n        if not status or status == ErrorCode.SUCCESS:\n            return\n        value = None\n        message = response.get(\"message\", \"\")\n        screen: str = response.get(\"screen\", \"\")\n        stacktrace = None\n        if isinstance(status, int):\n            value_json = response.get(\"value\", None)\n            if value_json and isinstance(value_json, str):\n                import json\n    \n                try:\n                    value = json.loads(value_json)\n                    if len(value) == 1:\n                        value = value[\"value\"]\n                    status = value.get(\"error\", None)\n                    if not status:\n                        status = value.get(\"status\", ErrorCode.UNKNOWN_ERROR)\n                        message = value.get(\"value\") or value.get(\"message\")\n                        if not isinstance(message, str):\n                            value = message\n                            message = message.get(\"message\")\n                    else:\n                        message = value.get(\"message\", None)\n                except ValueError:\n                    pass\n    \n        exception_class: Type[WebDriverException]\n        e = ErrorCode()\n        error_codes = [item for item in dir(e) if not item.startswith(\"__\")]\n        for error_code in error_codes:\n            error_info = getattr(ErrorCode, error_code)\n            if isinstance(error_info, list) and status in error_info:\n                exception_class = getattr(ExceptionMapping, error_code, WebDriverException)\n                break\n        else:\n            exception_class = WebDriverException\n    \n        if not value:\n            value = response[\"value\"]\n        if isinstance(value, str):\n            raise exception_class(value)\n        if message == \"\" and \"message\" in value:\n            message = value[\"message\"]\n    \n        screen = None  # type: ignore[assignment]\n        if \"screen\" in value:\n            screen = value[\"screen\"]\n    \n        stacktrace = None\n        st_value = value.get(\"stackTrace\") or value.get(\"stacktrace\")\n        if st_value:\n            if isinstance(st_value, str):\n                stacktrace = st_value.split(\"\\n\")\n            else:\n                stacktrace = []\n                try:\n                    for frame in st_value:\n                        line = frame.get(\"lineNumber\", \"\")\n                        file = frame.get(\"fileName\", \"<anonymous>\")\n                        if line:\n                            file = f\"{file}:{line}\"\n                        meth = frame.get(\"methodName\", \"<anonymous>\")\n                        if \"className\" in frame:\n                            meth = f\"{frame['className']}.{meth}\"\n                        msg = \"    at %s (%s)\"\n                        msg = msg % (meth, file)\n                        stacktrace.append(msg)\n                except TypeError:\n                    pass\n        if exception_class == UnexpectedAlertPresentException:\n            alert_text = None\n            if \"data\" in value:\n                alert_text = value[\"data\"].get(\"text\")\n            elif \"alert\" in value:\n                alert_text = value[\"alert\"].get(\"text\")\n            raise exception_class(message, screen, stacktrace, alert_text)  # type: ignore[call-arg]  # mypy is not smart enough here\n>       raise exception_class(message, screen, stacktrace)\nE       selenium.common.exceptions.NoSuchElementException: Message: no such element: Unable to locate element: {\"method\":\"xpath\",\"selector\":\"//mat-grid-list[@guttersize=\"16\"]\"}\nE         (Session info: chrome-headless-shell=122.0.6261.94); For documentation on this error, please visit: https://www.selenium.dev/documentation/webdriver/troubleshooting/errors#no-such-element-exception\nE       Stacktrace:\nE       #0 0x5563af1b5e93 <unknown>\nE       #1 0x5563aeeadce6 <unknown>\nE       #2 0x5563aeef8e48 <unknown>\nE       #3 0x5563aeef8f01 <unknown>\nE       #4 0x5563aef3c3f4 <unknown>\nE       #5 0x5563aef1aedd <unknown>\nE       #6 0x5563aef39899 <unknown>\nE       #7 0x5563aef1ac53 <unknown>\nE       #8 0x5563aeeebdb3 <unknown>\nE       #9 0x5563aeeec77e <unknown>\nE       #10 0x5563af17b7cb <unknown>\nE       #11 0x5563af17f7e5 <unknown>\nE       #12 0x5563af1690e1 <unknown>\nE       #13 0x5563af180372 <unknown>\nE       #14 0x5563af14d1bf <unknown>\nE       #15 0x5563af1a4488 <unknown>\nE       #16 0x5563af1a4683 <unknown>\nE       #17 0x5563af1b5044 <unknown>\nE       #18 0x7f0222494ac3 <unknown>\n\n/opt/hostedtoolcache/Python/3.12.2/x64/lib/python3.12/site-packages/selenium/webdriver/remote/errorhandler.py:229: NoSuchElementException","steps":[{"name":"Open URL","time":{"start":1709999821765,"stop":1709999822870,"duration":1105},"status":"passed","steps":[],"attachments":[],"parameters":[],"shouldDisplayMessage":false,"stepsCount":0,"attachmentsCount":0,"hasContent":false},{"name":"Check is opened URL","time":{"start":1709999822870,"stop":1709999822874,"duration":4},"status":"passed","steps":[],"attachments":[],"parameters":[],"shouldDisplayMessage":false,"stepsCount":0,"attachmentsCount":0,"hasContent":false},{"name":"Click button view grid 4 products","time":{"start":1709999822874,"stop":1709999822926,"duration":52},"status":"passed","steps":[],"attachments":[],"parameters":[],"shouldDisplayMessage":false,"stepsCount":0,"attachmentsCount":0,"hasContent":false},{"name":"Check product display view","time":{"start":1709999822926,"stop":1709999822937,"duration":11},"status":"broken","statusMessage":"selenium.common.exceptions.NoSuchElementException: Message: no such element: Unable to locate element: {\"method\":\"xpath\",\"selector\":\"//mat-grid-list[@guttersize=\"16\"]\"}\n  (Session info: chrome-headless-shell=122.0.6261.94); For documentation on this error, please visit: https://www.selenium.dev/documentation/webdriver/troubleshooting/errors#no-such-element-exception\nStacktrace:\n#0 0x5563af1b5e93 <unknown>\n#1 0x5563aeeadce6 <unknown>\n#2 0x5563aeef8e48 <unknown>\n#3 0x5563aeef8f01 <unknown>\n#4 0x5563aef3c3f4 <unknown>\n#5 0x5563aef1aedd <unknown>\n#6 0x5563aef39899 <unknown>\n#7 0x5563aef1ac53 <unknown>\n#8 0x5563aeeebdb3 <unknown>\n#9 0x5563aeeec77e <unknown>\n#10 0x5563af17b7cb <unknown>\n#11 0x5563af17f7e5 <unknown>\n#12 0x5563af1690e1 <unknown>\n#13 0x5563af180372 <unknown>\n#14 0x5563af14d1bf <unknown>\n#15 0x5563af1a4488 <unknown>\n#16 0x5563af1a4683 <unknown>\n#17 0x5563af1b5044 <unknown>\n#18 0x7f0222494ac3 <unknown>\n\n","statusTrace":"  File \"/opt/hostedtoolcache/Python/3.12.2/x64/lib/python3.12/site-packages/allure_commons/_allure.py\", line 192, in impl\n    return func(*a, **kw)\n           ^^^^^^^^^^^^^^\n  File \"/home/runner/work/training_store_autotests/training_store_autotests/pages/catalog_page.py\", line 164, in check_view_grid\n    assert self.attribute_cols_value_gridlist() == grid, 'Wrong product display grid'\n           ^^^^^^^^^^^^^^^^^^^^^^^^^^^^^^^^^^^^\n  File \"/opt/hostedtoolcache/Python/3.12.2/x64/lib/python3.12/site-packages/allure_commons/_allure.py\", line 192, in impl\n    return func(*a, **kw)\n           ^^^^^^^^^^^^^^\n  File \"/home/runner/work/training_store_autotests/training_store_autotests/pages/catalog_page.py\", line 120, in attribute_cols_value_gridlist\n    return int(self.driver.find_element(*self.GRID_LIST_SELECTOR).get_attribute(\"cols\"))\n               ^^^^^^^^^^^^^^^^^^^^^^^^^^^^^^^^^^^^^^^^^^^^^^^^^^\n  File \"/opt/hostedtoolcache/Python/3.12.2/x64/lib/python3.12/site-packages/selenium/webdriver/remote/webdriver.py\", line 741, in find_element\n    return self.execute(Command.FIND_ELEMENT, {\"using\": by, \"value\": value})[\"value\"]\n           ^^^^^^^^^^^^^^^^^^^^^^^^^^^^^^^^^^^^^^^^^^^^^^^^^^^^^^^^^^^^^^^^^\n  File \"/opt/hostedtoolcache/Python/3.12.2/x64/lib/python3.12/site-packages/selenium/webdriver/remote/webdriver.py\", line 347, in execute\n    self.error_handler.check_response(response)\n  File \"/opt/hostedtoolcache/Python/3.12.2/x64/lib/python3.12/site-packages/selenium/webdriver/remote/errorhandler.py\", line 229, in check_response\n    raise exception_class(message, screen, stacktrace)\n","steps":[{"name":"Checking the grid of the catalog sheet ","time":{"start":1709999822926,"stop":1709999822937,"duration":11},"status":"broken","statusMessage":"selenium.common.exceptions.NoSuchElementException: Message: no such element: Unable to locate element: {\"method\":\"xpath\",\"selector\":\"//mat-grid-list[@guttersize=\"16\"]\"}\n  (Session info: chrome-headless-shell=122.0.6261.94); For documentation on this error, please visit: https://www.selenium.dev/documentation/webdriver/troubleshooting/errors#no-such-element-exception\nStacktrace:\n#0 0x5563af1b5e93 <unknown>\n#1 0x5563aeeadce6 <unknown>\n#2 0x5563aeef8e48 <unknown>\n#3 0x5563aeef8f01 <unknown>\n#4 0x5563aef3c3f4 <unknown>\n#5 0x5563aef1aedd <unknown>\n#6 0x5563aef39899 <unknown>\n#7 0x5563aef1ac53 <unknown>\n#8 0x5563aeeebdb3 <unknown>\n#9 0x5563aeeec77e <unknown>\n#10 0x5563af17b7cb <unknown>\n#11 0x5563af17f7e5 <unknown>\n#12 0x5563af1690e1 <unknown>\n#13 0x5563af180372 <unknown>\n#14 0x5563af14d1bf <unknown>\n#15 0x5563af1a4488 <unknown>\n#16 0x5563af1a4683 <unknown>\n#17 0x5563af1b5044 <unknown>\n#18 0x7f0222494ac3 <unknown>\n\n","statusTrace":"  File \"/opt/hostedtoolcache/Python/3.12.2/x64/lib/python3.12/site-packages/allure_commons/_allure.py\", line 192, in impl\n    return func(*a, **kw)\n           ^^^^^^^^^^^^^^\n  File \"/home/runner/work/training_store_autotests/training_store_autotests/pages/catalog_page.py\", line 120, in attribute_cols_value_gridlist\n    return int(self.driver.find_element(*self.GRID_LIST_SELECTOR).get_attribute(\"cols\"))\n               ^^^^^^^^^^^^^^^^^^^^^^^^^^^^^^^^^^^^^^^^^^^^^^^^^^\n  File \"/opt/hostedtoolcache/Python/3.12.2/x64/lib/python3.12/site-packages/selenium/webdriver/remote/webdriver.py\", line 741, in find_element\n    return self.execute(Command.FIND_ELEMENT, {\"using\": by, \"value\": value})[\"value\"]\n           ^^^^^^^^^^^^^^^^^^^^^^^^^^^^^^^^^^^^^^^^^^^^^^^^^^^^^^^^^^^^^^^^^\n  File \"/opt/hostedtoolcache/Python/3.12.2/x64/lib/python3.12/site-packages/selenium/webdriver/remote/webdriver.py\", line 347, in execute\n    self.error_handler.check_response(response)\n  File \"/opt/hostedtoolcache/Python/3.12.2/x64/lib/python3.12/site-packages/selenium/webdriver/remote/errorhandler.py\", line 229, in check_response\n    raise exception_class(message, screen, stacktrace)\n","steps":[],"attachments":[],"parameters":[],"shouldDisplayMessage":true,"stepsCount":0,"attachmentsCount":0,"hasContent":true}],"attachments":[],"parameters":[{"name":"grid","value":"4"}],"shouldDisplayMessage":false,"stepsCount":1,"attachmentsCount":0,"hasContent":true}],"attachments":[],"parameters":[],"shouldDisplayMessage":true,"stepsCount":5,"attachmentsCount":0,"hasContent":true},"afterStages":[{"name":"driver::0","time":{"start":1709999822971,"stop":1709999823028,"duration":57},"status":"passed","steps":[],"attachments":[],"parameters":[],"shouldDisplayMessage":false,"stepsCount":0,"attachmentsCount":0,"hasContent":false}],"labels":[{"name":"feature","value":"Product catalog"},{"name":"parentSuite","value":"tests"},{"name":"suite","value":"test_catalog"},{"name":"subSuite","value":"TestCatalogPrice"},{"name":"host","value":"fv-az849-70"},{"name":"thread","value":"1776-MainThread"},{"name":"framework","value":"pytest"},{"name":"language","value":"cpython3"},{"name":"package","value":"tests.test_catalog"},{"name":"resultFormat","value":"allure2"}],"parameters":[],"links":[],"hidden":false,"retry":false,"extra":{"severity":"normal","retries":[],"categories":[{"name":"Test defects","matchedStatuses":[],"flaky":false}],"history":{"statistic":{"failed":0,"broken":2,"skipped":0,"passed":0,"unknown":0,"total":2},"items":[{"uid":"cc81cad2ea07bfc8","status":"broken","statusDetails":"selenium.common.exceptions.NoSuchElementException: Message: no such element: Unable to locate element: {\"method\":\"xpath\",\"selector\":\"//mat-grid-list[@guttersize=\"16\"]\"}\n  (Session info: chrome-headless-shell=122.0.6261.94); For documentation on this error, please visit: https://www.selenium.dev/documentation/webdriver/troubleshooting/errors#no-such-element-exception\nStacktrace:\n#0 0x5564954eee93 <unknown>\n#1 0x5564951e6ce6 <unknown>\n#2 0x556495231e48 <unknown>\n#3 0x556495231f01 <unknown>\n#4 0x5564952753f4 <unknown>\n#5 0x556495253edd <unknown>\n#6 0x556495272899 <unknown>\n#7 0x556495253c53 <unknown>\n#8 0x556495224db3 <unknown>\n#9 0x55649522577e <unknown>\n#10 0x5564954b47cb <unknown>\n#11 0x5564954b87e5 <unknown>\n#12 0x5564954a20e1 <unknown>\n#13 0x5564954b9372 <unknown>\n#14 0x5564954861bf <unknown>\n#15 0x5564954dd488 <unknown>\n#16 0x5564954dd683 <unknown>\n#17 0x5564954ee044 <unknown>\n#18 0x7fb4bb094ac3 <unknown>","time":{"start":1709910676675,"stop":1709910677870,"duration":1195}}]},"tags":[]},"source":"7782ecef667ce4bc.json","parameterValues":[]}