{"uid":"aab3522117ad94b","name":"Show items in the list view","fullName":"tests.test_catalog.TestCatalogPrice#test_view_list_catalog","historyId":"2cad2af2a29d6fd746ab51ba18a25575","time":{"start":1711295120721,"stop":1711295121962,"duration":1241},"status":"broken","statusMessage":"selenium.common.exceptions.NoSuchElementException: Message: no such element: Unable to locate element: {\"method\":\"xpath\",\"selector\":\"//mat-grid-list[@guttersize=\"16\"]\"}\n  (Session info: chrome-headless-shell=122.0.6261.128); For documentation on this error, please visit: https://www.selenium.dev/documentation/webdriver/troubleshooting/errors#no-such-element-exception\nStacktrace:\n#0 0x564963c90f33 <unknown>\n#1 0x564963988ce6 <unknown>\n#2 0x5649639d3e48 <unknown>\n#3 0x5649639d3f01 <unknown>\n#4 0x564963a173f4 <unknown>\n#5 0x5649639f5edd <unknown>\n#6 0x564963a14899 <unknown>\n#7 0x5649639f5c53 <unknown>\n#8 0x5649639c6db3 <unknown>\n#9 0x5649639c777e <unknown>\n#10 0x564963c5686b <unknown>\n#11 0x564963c5a885 <unknown>\n#12 0x564963c44181 <unknown>\n#13 0x564963c5b412 <unknown>\n#14 0x564963c2825f <unknown>\n#15 0x564963c7f528 <unknown>\n#16 0x564963c7f723 <unknown>\n#17 0x564963c900e4 <unknown>\n#18 0x7fb0d9694ac3 <unknown>","statusTrace":"self = <test_catalog.TestCatalogPrice object at 0x7f001ae699a0>\n\n    @allure.title(\"Show items in the list view\")\n    def test_view_list_catalog(self):\n        self.catalog_page.open()\n        self.catalog_page.is_opened()\n        self.catalog_page.button_view_list_click()\n>       self.catalog_page.check_view_grid(1)\n\ntests/test_catalog.py:88: \n_ _ _ _ _ _ _ _ _ _ _ _ _ _ _ _ _ _ _ _ _ _ _ _ _ _ _ _ _ _ _ _ _ _ _ _ _ _ _ _ \npages/catalog_page.py:164: in check_view_grid\n    assert self.attribute_cols_value_gridlist() == grid, 'Wrong product display grid'\npages/catalog_page.py:120: in attribute_cols_value_gridlist\n    return int(self.driver.find_element(*self.GRID_LIST_SELECTOR).get_attribute(\"cols\"))\n/opt/hostedtoolcache/Python/3.12.2/x64/lib/python3.12/site-packages/selenium/webdriver/remote/webdriver.py:741: in find_element\n    return self.execute(Command.FIND_ELEMENT, {\"using\": by, \"value\": value})[\"value\"]\n/opt/hostedtoolcache/Python/3.12.2/x64/lib/python3.12/site-packages/selenium/webdriver/remote/webdriver.py:347: in execute\n    self.error_handler.check_response(response)\n_ _ _ _ _ _ _ _ _ _ _ _ _ _ _ _ _ _ _ _ _ _ _ _ _ _ _ _ _ _ _ _ _ _ _ _ _ _ _ _ \n\nself = <selenium.webdriver.remote.errorhandler.ErrorHandler object at 0x7f001adafc50>\nresponse = {'status': 404, 'value': '{\"value\":{\"error\":\"no such element\",\"message\":\"no such element: Unable to locate element: {\\...\\\\n#16 0x564963c7f723 \\\\u003Cunknown>\\\\n#17 0x564963c900e4 \\\\u003Cunknown>\\\\n#18 0x7fb0d9694ac3 \\\\u003Cunknown>\\\\n\"}}'}\n\n    def check_response(self, response: Dict[str, Any]) -> None:\n        \"\"\"Checks that a JSON response from the WebDriver does not have an\n        error.\n    \n        :Args:\n         - response - The JSON response from the WebDriver server as a dictionary\n           object.\n    \n        :Raises: If the response contains an error message.\n        \"\"\"\n        status = response.get(\"status\", None)\n        if not status or status == ErrorCode.SUCCESS:\n            return\n        value = None\n        message = response.get(\"message\", \"\")\n        screen: str = response.get(\"screen\", \"\")\n        stacktrace = None\n        if isinstance(status, int):\n            value_json = response.get(\"value\", None)\n            if value_json and isinstance(value_json, str):\n                import json\n    \n                try:\n                    value = json.loads(value_json)\n                    if len(value) == 1:\n                        value = value[\"value\"]\n                    status = value.get(\"error\", None)\n                    if not status:\n                        status = value.get(\"status\", ErrorCode.UNKNOWN_ERROR)\n                        message = value.get(\"value\") or value.get(\"message\")\n                        if not isinstance(message, str):\n                            value = message\n                            message = message.get(\"message\")\n                    else:\n                        message = value.get(\"message\", None)\n                except ValueError:\n                    pass\n    \n        exception_class: Type[WebDriverException]\n        e = ErrorCode()\n        error_codes = [item for item in dir(e) if not item.startswith(\"__\")]\n        for error_code in error_codes:\n            error_info = getattr(ErrorCode, error_code)\n            if isinstance(error_info, list) and status in error_info:\n                exception_class = getattr(ExceptionMapping, error_code, WebDriverException)\n                break\n        else:\n            exception_class = WebDriverException\n    \n        if not value:\n            value = response[\"value\"]\n        if isinstance(value, str):\n            raise exception_class(value)\n        if message == \"\" and \"message\" in value:\n            message = value[\"message\"]\n    \n        screen = None  # type: ignore[assignment]\n        if \"screen\" in value:\n            screen = value[\"screen\"]\n    \n        stacktrace = None\n        st_value = value.get(\"stackTrace\") or value.get(\"stacktrace\")\n        if st_value:\n            if isinstance(st_value, str):\n                stacktrace = st_value.split(\"\\n\")\n            else:\n                stacktrace = []\n                try:\n                    for frame in st_value:\n                        line = frame.get(\"lineNumber\", \"\")\n                        file = frame.get(\"fileName\", \"<anonymous>\")\n                        if line:\n                            file = f\"{file}:{line}\"\n                        meth = frame.get(\"methodName\", \"<anonymous>\")\n                        if \"className\" in frame:\n                            meth = f\"{frame['className']}.{meth}\"\n                        msg = \"    at %s (%s)\"\n                        msg = msg % (meth, file)\n                        stacktrace.append(msg)\n                except TypeError:\n                    pass\n        if exception_class == UnexpectedAlertPresentException:\n            alert_text = None\n            if \"data\" in value:\n                alert_text = value[\"data\"].get(\"text\")\n            elif \"alert\" in value:\n                alert_text = value[\"alert\"].get(\"text\")\n            raise exception_class(message, screen, stacktrace, alert_text)  # type: ignore[call-arg]  # mypy is not smart enough here\n>       raise exception_class(message, screen, stacktrace)\nE       selenium.common.exceptions.NoSuchElementException: Message: no such element: Unable to locate element: {\"method\":\"xpath\",\"selector\":\"//mat-grid-list[@guttersize=\"16\"]\"}\nE         (Session info: chrome-headless-shell=122.0.6261.128); For documentation on this error, please visit: https://www.selenium.dev/documentation/webdriver/troubleshooting/errors#no-such-element-exception\nE       Stacktrace:\nE       #0 0x564963c90f33 <unknown>\nE       #1 0x564963988ce6 <unknown>\nE       #2 0x5649639d3e48 <unknown>\nE       #3 0x5649639d3f01 <unknown>\nE       #4 0x564963a173f4 <unknown>\nE       #5 0x5649639f5edd <unknown>\nE       #6 0x564963a14899 <unknown>\nE       #7 0x5649639f5c53 <unknown>\nE       #8 0x5649639c6db3 <unknown>\nE       #9 0x5649639c777e <unknown>\nE       #10 0x564963c5686b <unknown>\nE       #11 0x564963c5a885 <unknown>\nE       #12 0x564963c44181 <unknown>\nE       #13 0x564963c5b412 <unknown>\nE       #14 0x564963c2825f <unknown>\nE       #15 0x564963c7f528 <unknown>\nE       #16 0x564963c7f723 <unknown>\nE       #17 0x564963c900e4 <unknown>\nE       #18 0x7fb0d9694ac3 <unknown>\n\n/opt/hostedtoolcache/Python/3.12.2/x64/lib/python3.12/site-packages/selenium/webdriver/remote/errorhandler.py:229: NoSuchElementException","flaky":false,"newFailed":false,"newBroken":false,"newPassed":false,"retriesCount":0,"retriesStatusChange":false,"beforeStages":[{"name":"driver","time":{"start":1711295120544,"stop":1711295120720,"duration":176},"status":"passed","steps":[],"attachments":[],"parameters":[],"shouldDisplayMessage":false,"stepsCount":0,"attachmentsCount":0,"hasContent":false},{"name":"setup","time":{"start":1711295120720,"stop":1711295120720,"duration":0},"status":"passed","steps":[],"attachments":[],"parameters":[],"shouldDisplayMessage":false,"stepsCount":0,"attachmentsCount":0,"hasContent":false}],"testStage":{"status":"broken","statusMessage":"selenium.common.exceptions.NoSuchElementException: Message: no such element: Unable to locate element: {\"method\":\"xpath\",\"selector\":\"//mat-grid-list[@guttersize=\"16\"]\"}\n  (Session info: chrome-headless-shell=122.0.6261.128); For documentation on this error, please visit: https://www.selenium.dev/documentation/webdriver/troubleshooting/errors#no-such-element-exception\nStacktrace:\n#0 0x564963c90f33 <unknown>\n#1 0x564963988ce6 <unknown>\n#2 0x5649639d3e48 <unknown>\n#3 0x5649639d3f01 <unknown>\n#4 0x564963a173f4 <unknown>\n#5 0x5649639f5edd <unknown>\n#6 0x564963a14899 <unknown>\n#7 0x5649639f5c53 <unknown>\n#8 0x5649639c6db3 <unknown>\n#9 0x5649639c777e <unknown>\n#10 0x564963c5686b <unknown>\n#11 0x564963c5a885 <unknown>\n#12 0x564963c44181 <unknown>\n#13 0x564963c5b412 <unknown>\n#14 0x564963c2825f <unknown>\n#15 0x564963c7f528 <unknown>\n#16 0x564963c7f723 <unknown>\n#17 0x564963c900e4 <unknown>\n#18 0x7fb0d9694ac3 <unknown>","statusTrace":"self = <test_catalog.TestCatalogPrice object at 0x7f001ae699a0>\n\n    @allure.title(\"Show items in the list view\")\n    def test_view_list_catalog(self):\n        self.catalog_page.open()\n        self.catalog_page.is_opened()\n        self.catalog_page.button_view_list_click()\n>       self.catalog_page.check_view_grid(1)\n\ntests/test_catalog.py:88: \n_ _ _ _ _ _ _ _ _ _ _ _ _ _ _ _ _ _ _ _ _ _ _ _ _ _ _ _ _ _ _ _ _ _ _ _ _ _ _ _ \npages/catalog_page.py:164: in check_view_grid\n    assert self.attribute_cols_value_gridlist() == grid, 'Wrong product display grid'\npages/catalog_page.py:120: in attribute_cols_value_gridlist\n    return int(self.driver.find_element(*self.GRID_LIST_SELECTOR).get_attribute(\"cols\"))\n/opt/hostedtoolcache/Python/3.12.2/x64/lib/python3.12/site-packages/selenium/webdriver/remote/webdriver.py:741: in find_element\n    return self.execute(Command.FIND_ELEMENT, {\"using\": by, \"value\": value})[\"value\"]\n/opt/hostedtoolcache/Python/3.12.2/x64/lib/python3.12/site-packages/selenium/webdriver/remote/webdriver.py:347: in execute\n    self.error_handler.check_response(response)\n_ _ _ _ _ _ _ _ _ _ _ _ _ _ _ _ _ _ _ _ _ _ _ _ _ _ _ _ _ _ _ _ _ _ _ _ _ _ _ _ \n\nself = <selenium.webdriver.remote.errorhandler.ErrorHandler object at 0x7f001adafc50>\nresponse = {'status': 404, 'value': '{\"value\":{\"error\":\"no such element\",\"message\":\"no such element: Unable to locate element: {\\...\\\\n#16 0x564963c7f723 \\\\u003Cunknown>\\\\n#17 0x564963c900e4 \\\\u003Cunknown>\\\\n#18 0x7fb0d9694ac3 \\\\u003Cunknown>\\\\n\"}}'}\n\n    def check_response(self, response: Dict[str, Any]) -> None:\n        \"\"\"Checks that a JSON response from the WebDriver does not have an\n        error.\n    \n        :Args:\n         - response - The JSON response from the WebDriver server as a dictionary\n           object.\n    \n        :Raises: If the response contains an error message.\n        \"\"\"\n        status = response.get(\"status\", None)\n        if not status or status == ErrorCode.SUCCESS:\n            return\n        value = None\n        message = response.get(\"message\", \"\")\n        screen: str = response.get(\"screen\", \"\")\n        stacktrace = None\n        if isinstance(status, int):\n            value_json = response.get(\"value\", None)\n            if value_json and isinstance(value_json, str):\n                import json\n    \n                try:\n                    value = json.loads(value_json)\n                    if len(value) == 1:\n                        value = value[\"value\"]\n                    status = value.get(\"error\", None)\n                    if not status:\n                        status = value.get(\"status\", ErrorCode.UNKNOWN_ERROR)\n                        message = value.get(\"value\") or value.get(\"message\")\n                        if not isinstance(message, str):\n                            value = message\n                            message = message.get(\"message\")\n                    else:\n                        message = value.get(\"message\", None)\n                except ValueError:\n                    pass\n    \n        exception_class: Type[WebDriverException]\n        e = ErrorCode()\n        error_codes = [item for item in dir(e) if not item.startswith(\"__\")]\n        for error_code in error_codes:\n            error_info = getattr(ErrorCode, error_code)\n            if isinstance(error_info, list) and status in error_info:\n                exception_class = getattr(ExceptionMapping, error_code, WebDriverException)\n                break\n        else:\n            exception_class = WebDriverException\n    \n        if not value:\n            value = response[\"value\"]\n        if isinstance(value, str):\n            raise exception_class(value)\n        if message == \"\" and \"message\" in value:\n            message = value[\"message\"]\n    \n        screen = None  # type: ignore[assignment]\n        if \"screen\" in value:\n            screen = value[\"screen\"]\n    \n        stacktrace = None\n        st_value = value.get(\"stackTrace\") or value.get(\"stacktrace\")\n        if st_value:\n            if isinstance(st_value, str):\n                stacktrace = st_value.split(\"\\n\")\n            else:\n                stacktrace = []\n                try:\n                    for frame in st_value:\n                        line = frame.get(\"lineNumber\", \"\")\n                        file = frame.get(\"fileName\", \"<anonymous>\")\n                        if line:\n                            file = f\"{file}:{line}\"\n                        meth = frame.get(\"methodName\", \"<anonymous>\")\n                        if \"className\" in frame:\n                            meth = f\"{frame['className']}.{meth}\"\n                        msg = \"    at %s (%s)\"\n                        msg = msg % (meth, file)\n                        stacktrace.append(msg)\n                except TypeError:\n                    pass\n        if exception_class == UnexpectedAlertPresentException:\n            alert_text = None\n            if \"data\" in value:\n                alert_text = value[\"data\"].get(\"text\")\n            elif \"alert\" in value:\n                alert_text = value[\"alert\"].get(\"text\")\n            raise exception_class(message, screen, stacktrace, alert_text)  # type: ignore[call-arg]  # mypy is not smart enough here\n>       raise exception_class(message, screen, stacktrace)\nE       selenium.common.exceptions.NoSuchElementException: Message: no such element: Unable to locate element: {\"method\":\"xpath\",\"selector\":\"//mat-grid-list[@guttersize=\"16\"]\"}\nE         (Session info: chrome-headless-shell=122.0.6261.128); For documentation on this error, please visit: https://www.selenium.dev/documentation/webdriver/troubleshooting/errors#no-such-element-exception\nE       Stacktrace:\nE       #0 0x564963c90f33 <unknown>\nE       #1 0x564963988ce6 <unknown>\nE       #2 0x5649639d3e48 <unknown>\nE       #3 0x5649639d3f01 <unknown>\nE       #4 0x564963a173f4 <unknown>\nE       #5 0x5649639f5edd <unknown>\nE       #6 0x564963a14899 <unknown>\nE       #7 0x5649639f5c53 <unknown>\nE       #8 0x5649639c6db3 <unknown>\nE       #9 0x5649639c777e <unknown>\nE       #10 0x564963c5686b <unknown>\nE       #11 0x564963c5a885 <unknown>\nE       #12 0x564963c44181 <unknown>\nE       #13 0x564963c5b412 <unknown>\nE       #14 0x564963c2825f <unknown>\nE       #15 0x564963c7f528 <unknown>\nE       #16 0x564963c7f723 <unknown>\nE       #17 0x564963c900e4 <unknown>\nE       #18 0x7fb0d9694ac3 <unknown>\n\n/opt/hostedtoolcache/Python/3.12.2/x64/lib/python3.12/site-packages/selenium/webdriver/remote/errorhandler.py:229: NoSuchElementException","steps":[{"name":"Open URL","time":{"start":1711295120721,"stop":1711295121894,"duration":1173},"status":"passed","steps":[],"attachments":[],"parameters":[],"shouldDisplayMessage":false,"stepsCount":0,"attachmentsCount":0,"hasContent":false},{"name":"Check is opened URL","time":{"start":1711295121894,"stop":1711295121897,"duration":3},"status":"passed","steps":[],"attachments":[],"parameters":[],"shouldDisplayMessage":false,"stepsCount":0,"attachmentsCount":0,"hasContent":false},{"name":"Click button view list","time":{"start":1711295121897,"stop":1711295121950,"duration":53},"status":"passed","steps":[],"attachments":[],"parameters":[],"shouldDisplayMessage":false,"stepsCount":0,"attachmentsCount":0,"hasContent":false},{"name":"Check product display view","time":{"start":1711295121950,"stop":1711295121962,"duration":12},"status":"broken","statusMessage":"selenium.common.exceptions.NoSuchElementException: Message: no such element: Unable to locate element: {\"method\":\"xpath\",\"selector\":\"//mat-grid-list[@guttersize=\"16\"]\"}\n  (Session info: chrome-headless-shell=122.0.6261.128); For documentation on this error, please visit: https://www.selenium.dev/documentation/webdriver/troubleshooting/errors#no-such-element-exception\nStacktrace:\n#0 0x564963c90f33 <unknown>\n#1 0x564963988ce6 <unknown>\n#2 0x5649639d3e48 <unknown>\n#3 0x5649639d3f01 <unknown>\n#4 0x564963a173f4 <unknown>\n#5 0x5649639f5edd <unknown>\n#6 0x564963a14899 <unknown>\n#7 0x5649639f5c53 <unknown>\n#8 0x5649639c6db3 <unknown>\n#9 0x5649639c777e <unknown>\n#10 0x564963c5686b <unknown>\n#11 0x564963c5a885 <unknown>\n#12 0x564963c44181 <unknown>\n#13 0x564963c5b412 <unknown>\n#14 0x564963c2825f <unknown>\n#15 0x564963c7f528 <unknown>\n#16 0x564963c7f723 <unknown>\n#17 0x564963c900e4 <unknown>\n#18 0x7fb0d9694ac3 <unknown>\n\n","statusTrace":"  File \"/opt/hostedtoolcache/Python/3.12.2/x64/lib/python3.12/site-packages/allure_commons/_allure.py\", line 192, in impl\n    return func(*a, **kw)\n           ^^^^^^^^^^^^^^\n  File \"/home/runner/work/training_store_ui/training_store_ui/pages/catalog_page.py\", line 164, in check_view_grid\n    assert self.attribute_cols_value_gridlist() == grid, 'Wrong product display grid'\n           ^^^^^^^^^^^^^^^^^^^^^^^^^^^^^^^^^^^^\n  File \"/opt/hostedtoolcache/Python/3.12.2/x64/lib/python3.12/site-packages/allure_commons/_allure.py\", line 192, in impl\n    return func(*a, **kw)\n           ^^^^^^^^^^^^^^\n  File \"/home/runner/work/training_store_ui/training_store_ui/pages/catalog_page.py\", line 120, in attribute_cols_value_gridlist\n    return int(self.driver.find_element(*self.GRID_LIST_SELECTOR).get_attribute(\"cols\"))\n               ^^^^^^^^^^^^^^^^^^^^^^^^^^^^^^^^^^^^^^^^^^^^^^^^^^\n  File \"/opt/hostedtoolcache/Python/3.12.2/x64/lib/python3.12/site-packages/selenium/webdriver/remote/webdriver.py\", line 741, in find_element\n    return self.execute(Command.FIND_ELEMENT, {\"using\": by, \"value\": value})[\"value\"]\n           ^^^^^^^^^^^^^^^^^^^^^^^^^^^^^^^^^^^^^^^^^^^^^^^^^^^^^^^^^^^^^^^^^\n  File \"/opt/hostedtoolcache/Python/3.12.2/x64/lib/python3.12/site-packages/selenium/webdriver/remote/webdriver.py\", line 347, in execute\n    self.error_handler.check_response(response)\n  File \"/opt/hostedtoolcache/Python/3.12.2/x64/lib/python3.12/site-packages/selenium/webdriver/remote/errorhandler.py\", line 229, in check_response\n    raise exception_class(message, screen, stacktrace)\n","steps":[{"name":"Checking the grid of the catalog sheet ","time":{"start":1711295121950,"stop":1711295121961,"duration":11},"status":"broken","statusMessage":"selenium.common.exceptions.NoSuchElementException: Message: no such element: Unable to locate element: {\"method\":\"xpath\",\"selector\":\"//mat-grid-list[@guttersize=\"16\"]\"}\n  (Session info: chrome-headless-shell=122.0.6261.128); For documentation on this error, please visit: https://www.selenium.dev/documentation/webdriver/troubleshooting/errors#no-such-element-exception\nStacktrace:\n#0 0x564963c90f33 <unknown>\n#1 0x564963988ce6 <unknown>\n#2 0x5649639d3e48 <unknown>\n#3 0x5649639d3f01 <unknown>\n#4 0x564963a173f4 <unknown>\n#5 0x5649639f5edd <unknown>\n#6 0x564963a14899 <unknown>\n#7 0x5649639f5c53 <unknown>\n#8 0x5649639c6db3 <unknown>\n#9 0x5649639c777e <unknown>\n#10 0x564963c5686b <unknown>\n#11 0x564963c5a885 <unknown>\n#12 0x564963c44181 <unknown>\n#13 0x564963c5b412 <unknown>\n#14 0x564963c2825f <unknown>\n#15 0x564963c7f528 <unknown>\n#16 0x564963c7f723 <unknown>\n#17 0x564963c900e4 <unknown>\n#18 0x7fb0d9694ac3 <unknown>\n\n","statusTrace":"  File \"/opt/hostedtoolcache/Python/3.12.2/x64/lib/python3.12/site-packages/allure_commons/_allure.py\", line 192, in impl\n    return func(*a, **kw)\n           ^^^^^^^^^^^^^^\n  File \"/home/runner/work/training_store_ui/training_store_ui/pages/catalog_page.py\", line 120, in attribute_cols_value_gridlist\n    return int(self.driver.find_element(*self.GRID_LIST_SELECTOR).get_attribute(\"cols\"))\n               ^^^^^^^^^^^^^^^^^^^^^^^^^^^^^^^^^^^^^^^^^^^^^^^^^^\n  File \"/opt/hostedtoolcache/Python/3.12.2/x64/lib/python3.12/site-packages/selenium/webdriver/remote/webdriver.py\", line 741, in find_element\n    return self.execute(Command.FIND_ELEMENT, {\"using\": by, \"value\": value})[\"value\"]\n           ^^^^^^^^^^^^^^^^^^^^^^^^^^^^^^^^^^^^^^^^^^^^^^^^^^^^^^^^^^^^^^^^^\n  File \"/opt/hostedtoolcache/Python/3.12.2/x64/lib/python3.12/site-packages/selenium/webdriver/remote/webdriver.py\", line 347, in execute\n    self.error_handler.check_response(response)\n  File \"/opt/hostedtoolcache/Python/3.12.2/x64/lib/python3.12/site-packages/selenium/webdriver/remote/errorhandler.py\", line 229, in check_response\n    raise exception_class(message, screen, stacktrace)\n","steps":[],"attachments":[],"parameters":[],"shouldDisplayMessage":true,"stepsCount":0,"attachmentsCount":0,"hasContent":true}],"attachments":[],"parameters":[{"name":"grid","value":"1"}],"shouldDisplayMessage":false,"stepsCount":1,"attachmentsCount":0,"hasContent":true}],"attachments":[],"parameters":[],"shouldDisplayMessage":true,"stepsCount":5,"attachmentsCount":0,"hasContent":true},"afterStages":[{"name":"driver::0","time":{"start":1711295121995,"stop":1711295122053,"duration":58},"status":"passed","steps":[],"attachments":[],"parameters":[],"shouldDisplayMessage":false,"stepsCount":0,"attachmentsCount":0,"hasContent":false}],"labels":[{"name":"feature","value":"Product catalog"},{"name":"parentSuite","value":"tests"},{"name":"suite","value":"test_catalog"},{"name":"subSuite","value":"TestCatalogPrice"},{"name":"host","value":"fv-az1391-496"},{"name":"thread","value":"1799-MainThread"},{"name":"framework","value":"pytest"},{"name":"language","value":"cpython3"},{"name":"package","value":"tests.test_catalog"},{"name":"resultFormat","value":"allure2"}],"parameters":[],"links":[],"hidden":false,"retry":false,"extra":{"severity":"normal","retries":[],"categories":[{"name":"Test defects","matchedStatuses":[],"flaky":false}],"history":{"statistic":{"failed":0,"broken":2,"skipped":0,"passed":0,"unknown":0,"total":2},"items":[{"uid":"a81c2ef0e012e1c2","status":"broken","statusDetails":"selenium.common.exceptions.NoSuchElementException: Message: no such element: Unable to locate element: {\"method\":\"xpath\",\"selector\":\"//mat-grid-list[@guttersize=\"16\"]\"}\n  (Session info: chrome-headless-shell=122.0.6261.94); For documentation on this error, please visit: https://www.selenium.dev/documentation/webdriver/troubleshooting/errors#no-such-element-exception\nStacktrace:\n#0 0x558c83b1be93 <unknown>\n#1 0x558c83813ce6 <unknown>\n#2 0x558c8385ee48 <unknown>\n#3 0x558c8385ef01 <unknown>\n#4 0x558c838a23f4 <unknown>\n#5 0x558c83880edd <unknown>\n#6 0x558c8389f899 <unknown>\n#7 0x558c83880c53 <unknown>\n#8 0x558c83851db3 <unknown>\n#9 0x558c8385277e <unknown>\n#10 0x558c83ae17cb <unknown>\n#11 0x558c83ae57e5 <unknown>\n#12 0x558c83acf0e1 <unknown>\n#13 0x558c83ae6372 <unknown>\n#14 0x558c83ab31bf <unknown>\n#15 0x558c83b0a488 <unknown>\n#16 0x558c83b0a683 <unknown>\n#17 0x558c83b1b044 <unknown>\n#18 0x7f011fc94ac3 <unknown>","time":{"start":1709910690782,"stop":1709910692003,"duration":1221}}]},"tags":[]},"source":"aab3522117ad94b.json","parameterValues":[]}