{"uid":"834a7a18ea21059b","name":"Change order status","fullName":"tests.test_orders.TestOrdersHistory#test_update_status_orders","historyId":"69862365c367eecbb8dc132dc5e7a883","time":{"start":1709910710091,"stop":1709910710441,"duration":350},"status":"broken","statusMessage":"selenium.common.exceptions.NoSuchElementException: Message: no such element: Unable to locate element: {\"method\":\"xpath\",\"selector\":\"(//tbody/tr/td/span)[1]\"}\n  (Session info: chrome-headless-shell=122.0.6261.94); For documentation on this error, please visit: https://www.selenium.dev/documentation/webdriver/troubleshooting/errors#no-such-element-exception\nStacktrace:\n#0 0x55a67f1a9e93 <unknown>\n#1 0x55a67eea1ce6 <unknown>\n#2 0x55a67eeece48 <unknown>\n#3 0x55a67eeecf01 <unknown>\n#4 0x55a67ef303f4 <unknown>\n#5 0x55a67ef0eedd <unknown>\n#6 0x55a67ef2d899 <unknown>\n#7 0x55a67ef0ec53 <unknown>\n#8 0x55a67eedfdb3 <unknown>\n#9 0x55a67eee077e <unknown>\n#10 0x55a67f16f7cb <unknown>\n#11 0x55a67f1737e5 <unknown>\n#12 0x55a67f15d0e1 <unknown>\n#13 0x55a67f174372 <unknown>\n#14 0x55a67f1411bf <unknown>\n#15 0x55a67f198488 <unknown>\n#16 0x55a67f198683 <unknown>\n#17 0x55a67f1a9044 <unknown>\n#18 0x7f97dbc94ac3 <unknown>","statusTrace":"self = <test_orders.TestOrdersHistory object at 0x7fd1c6b20800>\nproceed_to_payment = None\n\n    @allure.title(\"Change order status\")\n    @pytest.mark.smoke\n    def test_update_status_orders(self, proceed_to_payment):\n        self.orders_page.open()\n        self.orders_page.is_opened()\n>       status = self.orders_page.status_order()\n\ntests/test_orders.py:23: \n_ _ _ _ _ _ _ _ _ _ _ _ _ _ _ _ _ _ _ _ _ _ _ _ _ _ _ _ _ _ _ _ _ _ _ _ _ _ _ _ \npages/orders_page.py:33: in status_order\n    return self.driver.find_element(*self.STATUS_ORDER_BUTTON).text\n/opt/hostedtoolcache/Python/3.12.2/x64/lib/python3.12/site-packages/selenium/webdriver/remote/webdriver.py:741: in find_element\n    return self.execute(Command.FIND_ELEMENT, {\"using\": by, \"value\": value})[\"value\"]\n/opt/hostedtoolcache/Python/3.12.2/x64/lib/python3.12/site-packages/selenium/webdriver/remote/webdriver.py:347: in execute\n    self.error_handler.check_response(response)\n_ _ _ _ _ _ _ _ _ _ _ _ _ _ _ _ _ _ _ _ _ _ _ _ _ _ _ _ _ _ _ _ _ _ _ _ _ _ _ _ \n\nself = <selenium.webdriver.remote.errorhandler.ErrorHandler object at 0x7fd1c6a33a70>\nresponse = {'status': 404, 'value': '{\"value\":{\"error\":\"no such element\",\"message\":\"no such element: Unable to locate element: {\\...\\\\n#16 0x55a67f198683 \\\\u003Cunknown>\\\\n#17 0x55a67f1a9044 \\\\u003Cunknown>\\\\n#18 0x7f97dbc94ac3 \\\\u003Cunknown>\\\\n\"}}'}\n\n    def check_response(self, response: Dict[str, Any]) -> None:\n        \"\"\"Checks that a JSON response from the WebDriver does not have an\n        error.\n    \n        :Args:\n         - response - The JSON response from the WebDriver server as a dictionary\n           object.\n    \n        :Raises: If the response contains an error message.\n        \"\"\"\n        status = response.get(\"status\", None)\n        if not status or status == ErrorCode.SUCCESS:\n            return\n        value = None\n        message = response.get(\"message\", \"\")\n        screen: str = response.get(\"screen\", \"\")\n        stacktrace = None\n        if isinstance(status, int):\n            value_json = response.get(\"value\", None)\n            if value_json and isinstance(value_json, str):\n                import json\n    \n                try:\n                    value = json.loads(value_json)\n                    if len(value) == 1:\n                        value = value[\"value\"]\n                    status = value.get(\"error\", None)\n                    if not status:\n                        status = value.get(\"status\", ErrorCode.UNKNOWN_ERROR)\n                        message = value.get(\"value\") or value.get(\"message\")\n                        if not isinstance(message, str):\n                            value = message\n                            message = message.get(\"message\")\n                    else:\n                        message = value.get(\"message\", None)\n                except ValueError:\n                    pass\n    \n        exception_class: Type[WebDriverException]\n        e = ErrorCode()\n        error_codes = [item for item in dir(e) if not item.startswith(\"__\")]\n        for error_code in error_codes:\n            error_info = getattr(ErrorCode, error_code)\n            if isinstance(error_info, list) and status in error_info:\n                exception_class = getattr(ExceptionMapping, error_code, WebDriverException)\n                break\n        else:\n            exception_class = WebDriverException\n    \n        if not value:\n            value = response[\"value\"]\n        if isinstance(value, str):\n            raise exception_class(value)\n        if message == \"\" and \"message\" in value:\n            message = value[\"message\"]\n    \n        screen = None  # type: ignore[assignment]\n        if \"screen\" in value:\n            screen = value[\"screen\"]\n    \n        stacktrace = None\n        st_value = value.get(\"stackTrace\") or value.get(\"stacktrace\")\n        if st_value:\n            if isinstance(st_value, str):\n                stacktrace = st_value.split(\"\\n\")\n            else:\n                stacktrace = []\n                try:\n                    for frame in st_value:\n                        line = frame.get(\"lineNumber\", \"\")\n                        file = frame.get(\"fileName\", \"<anonymous>\")\n                        if line:\n                            file = f\"{file}:{line}\"\n                        meth = frame.get(\"methodName\", \"<anonymous>\")\n                        if \"className\" in frame:\n                            meth = f\"{frame['className']}.{meth}\"\n                        msg = \"    at %s (%s)\"\n                        msg = msg % (meth, file)\n                        stacktrace.append(msg)\n                except TypeError:\n                    pass\n        if exception_class == UnexpectedAlertPresentException:\n            alert_text = None\n            if \"data\" in value:\n                alert_text = value[\"data\"].get(\"text\")\n            elif \"alert\" in value:\n                alert_text = value[\"alert\"].get(\"text\")\n            raise exception_class(message, screen, stacktrace, alert_text)  # type: ignore[call-arg]  # mypy is not smart enough here\n>       raise exception_class(message, screen, stacktrace)\nE       selenium.common.exceptions.NoSuchElementException: Message: no such element: Unable to locate element: {\"method\":\"xpath\",\"selector\":\"(//tbody/tr/td/span)[1]\"}\nE         (Session info: chrome-headless-shell=122.0.6261.94); For documentation on this error, please visit: https://www.selenium.dev/documentation/webdriver/troubleshooting/errors#no-such-element-exception\nE       Stacktrace:\nE       #0 0x55a67f1a9e93 <unknown>\nE       #1 0x55a67eea1ce6 <unknown>\nE       #2 0x55a67eeece48 <unknown>\nE       #3 0x55a67eeecf01 <unknown>\nE       #4 0x55a67ef303f4 <unknown>\nE       #5 0x55a67ef0eedd <unknown>\nE       #6 0x55a67ef2d899 <unknown>\nE       #7 0x55a67ef0ec53 <unknown>\nE       #8 0x55a67eedfdb3 <unknown>\nE       #9 0x55a67eee077e <unknown>\nE       #10 0x55a67f16f7cb <unknown>\nE       #11 0x55a67f1737e5 <unknown>\nE       #12 0x55a67f15d0e1 <unknown>\nE       #13 0x55a67f174372 <unknown>\nE       #14 0x55a67f1411bf <unknown>\nE       #15 0x55a67f198488 <unknown>\nE       #16 0x55a67f198683 <unknown>\nE       #17 0x55a67f1a9044 <unknown>\nE       #18 0x7f97dbc94ac3 <unknown>\n\n/opt/hostedtoolcache/Python/3.12.2/x64/lib/python3.12/site-packages/selenium/webdriver/remote/errorhandler.py:229: NoSuchElementException","flaky":false,"newFailed":false,"newBroken":false,"newPassed":false,"retriesCount":0,"retriesStatusChange":false,"beforeStages":[{"name":"driver","time":{"start":1709910701304,"stop":1709910701478,"duration":174},"status":"passed","steps":[],"attachments":[],"parameters":[],"shouldDisplayMessage":false,"stepsCount":0,"attachmentsCount":0,"hasContent":false},{"name":"setup","time":{"start":1709910701478,"stop":1709910701479,"duration":1},"status":"passed","steps":[],"attachments":[],"parameters":[],"shouldDisplayMessage":false,"stepsCount":0,"attachmentsCount":0,"hasContent":false},{"name":"Add item to cart","time":{"start":1709910701479,"stop":1709910708036,"duration":6557},"status":"passed","steps":[{"name":"Open URL","time":{"start":1709910701479,"stop":1709910702602,"duration":1123},"status":"passed","steps":[],"attachments":[],"parameters":[],"shouldDisplayMessage":false,"stepsCount":0,"attachmentsCount":0,"hasContent":false},{"name":"Check is opened URL","time":{"start":1709910702602,"stop":1709910702605,"duration":3},"status":"passed","steps":[],"attachments":[],"parameters":[],"shouldDisplayMessage":false,"stepsCount":0,"attachmentsCount":0,"hasContent":false},{"name":"Add items to cart","time":{"start":1709910702605,"stop":1709910707799,"duration":5194},"status":"passed","steps":[],"attachments":[],"parameters":[{"name":"quantity","value":"1"}],"shouldDisplayMessage":false,"stepsCount":0,"attachmentsCount":0,"hasContent":true},{"name":"Open the cart view window","time":{"start":1709910707799,"stop":1709910707850,"duration":51},"status":"passed","steps":[],"attachments":[],"parameters":[],"shouldDisplayMessage":false,"stepsCount":0,"attachmentsCount":0,"hasContent":false},{"name":"Open shopping cart","time":{"start":1709910707850,"stop":1709910708031,"duration":181},"status":"passed","steps":[],"attachments":[],"parameters":[],"shouldDisplayMessage":false,"stepsCount":0,"attachmentsCount":0,"hasContent":false},{"name":"Check is opened URL","time":{"start":1709910708031,"stop":1709910708036,"duration":5},"status":"passed","steps":[],"attachments":[],"parameters":[],"shouldDisplayMessage":false,"stepsCount":0,"attachmentsCount":0,"hasContent":false}],"attachments":[],"parameters":[],"shouldDisplayMessage":false,"stepsCount":6,"attachmentsCount":0,"hasContent":true},{"name":"Go to payment","time":{"start":1709910708036,"stop":1709910710091,"duration":2055},"status":"passed","steps":[{"name":"Click the payment button","time":{"start":1709910708036,"stop":1709910708081,"duration":45},"status":"passed","steps":[],"attachments":[],"parameters":[],"shouldDisplayMessage":false,"stepsCount":0,"attachmentsCount":0,"hasContent":false},{"name":"Checking the site domain","time":{"start":1709910708081,"stop":1709910710091,"duration":2010},"status":"passed","steps":[],"attachments":[],"parameters":[],"shouldDisplayMessage":false,"stepsCount":0,"attachmentsCount":0,"hasContent":false}],"attachments":[],"parameters":[],"shouldDisplayMessage":false,"stepsCount":2,"attachmentsCount":0,"hasContent":true}],"testStage":{"status":"broken","statusMessage":"selenium.common.exceptions.NoSuchElementException: Message: no such element: Unable to locate element: {\"method\":\"xpath\",\"selector\":\"(//tbody/tr/td/span)[1]\"}\n  (Session info: chrome-headless-shell=122.0.6261.94); For documentation on this error, please visit: https://www.selenium.dev/documentation/webdriver/troubleshooting/errors#no-such-element-exception\nStacktrace:\n#0 0x55a67f1a9e93 <unknown>\n#1 0x55a67eea1ce6 <unknown>\n#2 0x55a67eeece48 <unknown>\n#3 0x55a67eeecf01 <unknown>\n#4 0x55a67ef303f4 <unknown>\n#5 0x55a67ef0eedd <unknown>\n#6 0x55a67ef2d899 <unknown>\n#7 0x55a67ef0ec53 <unknown>\n#8 0x55a67eedfdb3 <unknown>\n#9 0x55a67eee077e <unknown>\n#10 0x55a67f16f7cb <unknown>\n#11 0x55a67f1737e5 <unknown>\n#12 0x55a67f15d0e1 <unknown>\n#13 0x55a67f174372 <unknown>\n#14 0x55a67f1411bf <unknown>\n#15 0x55a67f198488 <unknown>\n#16 0x55a67f198683 <unknown>\n#17 0x55a67f1a9044 <unknown>\n#18 0x7f97dbc94ac3 <unknown>","statusTrace":"self = <test_orders.TestOrdersHistory object at 0x7fd1c6b20800>\nproceed_to_payment = None\n\n    @allure.title(\"Change order status\")\n    @pytest.mark.smoke\n    def test_update_status_orders(self, proceed_to_payment):\n        self.orders_page.open()\n        self.orders_page.is_opened()\n>       status = self.orders_page.status_order()\n\ntests/test_orders.py:23: \n_ _ _ _ _ _ _ _ _ _ _ _ _ _ _ _ _ _ _ _ _ _ _ _ _ _ _ _ _ _ _ _ _ _ _ _ _ _ _ _ \npages/orders_page.py:33: in status_order\n    return self.driver.find_element(*self.STATUS_ORDER_BUTTON).text\n/opt/hostedtoolcache/Python/3.12.2/x64/lib/python3.12/site-packages/selenium/webdriver/remote/webdriver.py:741: in find_element\n    return self.execute(Command.FIND_ELEMENT, {\"using\": by, \"value\": value})[\"value\"]\n/opt/hostedtoolcache/Python/3.12.2/x64/lib/python3.12/site-packages/selenium/webdriver/remote/webdriver.py:347: in execute\n    self.error_handler.check_response(response)\n_ _ _ _ _ _ _ _ _ _ _ _ _ _ _ _ _ _ _ _ _ _ _ _ _ _ _ _ _ _ _ _ _ _ _ _ _ _ _ _ \n\nself = <selenium.webdriver.remote.errorhandler.ErrorHandler object at 0x7fd1c6a33a70>\nresponse = {'status': 404, 'value': '{\"value\":{\"error\":\"no such element\",\"message\":\"no such element: Unable to locate element: {\\...\\\\n#16 0x55a67f198683 \\\\u003Cunknown>\\\\n#17 0x55a67f1a9044 \\\\u003Cunknown>\\\\n#18 0x7f97dbc94ac3 \\\\u003Cunknown>\\\\n\"}}'}\n\n    def check_response(self, response: Dict[str, Any]) -> None:\n        \"\"\"Checks that a JSON response from the WebDriver does not have an\n        error.\n    \n        :Args:\n         - response - The JSON response from the WebDriver server as a dictionary\n           object.\n    \n        :Raises: If the response contains an error message.\n        \"\"\"\n        status = response.get(\"status\", None)\n        if not status or status == ErrorCode.SUCCESS:\n            return\n        value = None\n        message = response.get(\"message\", \"\")\n        screen: str = response.get(\"screen\", \"\")\n        stacktrace = None\n        if isinstance(status, int):\n            value_json = response.get(\"value\", None)\n            if value_json and isinstance(value_json, str):\n                import json\n    \n                try:\n                    value = json.loads(value_json)\n                    if len(value) == 1:\n                        value = value[\"value\"]\n                    status = value.get(\"error\", None)\n                    if not status:\n                        status = value.get(\"status\", ErrorCode.UNKNOWN_ERROR)\n                        message = value.get(\"value\") or value.get(\"message\")\n                        if not isinstance(message, str):\n                            value = message\n                            message = message.get(\"message\")\n                    else:\n                        message = value.get(\"message\", None)\n                except ValueError:\n                    pass\n    \n        exception_class: Type[WebDriverException]\n        e = ErrorCode()\n        error_codes = [item for item in dir(e) if not item.startswith(\"__\")]\n        for error_code in error_codes:\n            error_info = getattr(ErrorCode, error_code)\n            if isinstance(error_info, list) and status in error_info:\n                exception_class = getattr(ExceptionMapping, error_code, WebDriverException)\n                break\n        else:\n            exception_class = WebDriverException\n    \n        if not value:\n            value = response[\"value\"]\n        if isinstance(value, str):\n            raise exception_class(value)\n        if message == \"\" and \"message\" in value:\n            message = value[\"message\"]\n    \n        screen = None  # type: ignore[assignment]\n        if \"screen\" in value:\n            screen = value[\"screen\"]\n    \n        stacktrace = None\n        st_value = value.get(\"stackTrace\") or value.get(\"stacktrace\")\n        if st_value:\n            if isinstance(st_value, str):\n                stacktrace = st_value.split(\"\\n\")\n            else:\n                stacktrace = []\n                try:\n                    for frame in st_value:\n                        line = frame.get(\"lineNumber\", \"\")\n                        file = frame.get(\"fileName\", \"<anonymous>\")\n                        if line:\n                            file = f\"{file}:{line}\"\n                        meth = frame.get(\"methodName\", \"<anonymous>\")\n                        if \"className\" in frame:\n                            meth = f\"{frame['className']}.{meth}\"\n                        msg = \"    at %s (%s)\"\n                        msg = msg % (meth, file)\n                        stacktrace.append(msg)\n                except TypeError:\n                    pass\n        if exception_class == UnexpectedAlertPresentException:\n            alert_text = None\n            if \"data\" in value:\n                alert_text = value[\"data\"].get(\"text\")\n            elif \"alert\" in value:\n                alert_text = value[\"alert\"].get(\"text\")\n            raise exception_class(message, screen, stacktrace, alert_text)  # type: ignore[call-arg]  # mypy is not smart enough here\n>       raise exception_class(message, screen, stacktrace)\nE       selenium.common.exceptions.NoSuchElementException: Message: no such element: Unable to locate element: {\"method\":\"xpath\",\"selector\":\"(//tbody/tr/td/span)[1]\"}\nE         (Session info: chrome-headless-shell=122.0.6261.94); For documentation on this error, please visit: https://www.selenium.dev/documentation/webdriver/troubleshooting/errors#no-such-element-exception\nE       Stacktrace:\nE       #0 0x55a67f1a9e93 <unknown>\nE       #1 0x55a67eea1ce6 <unknown>\nE       #2 0x55a67eeece48 <unknown>\nE       #3 0x55a67eeecf01 <unknown>\nE       #4 0x55a67ef303f4 <unknown>\nE       #5 0x55a67ef0eedd <unknown>\nE       #6 0x55a67ef2d899 <unknown>\nE       #7 0x55a67ef0ec53 <unknown>\nE       #8 0x55a67eedfdb3 <unknown>\nE       #9 0x55a67eee077e <unknown>\nE       #10 0x55a67f16f7cb <unknown>\nE       #11 0x55a67f1737e5 <unknown>\nE       #12 0x55a67f15d0e1 <unknown>\nE       #13 0x55a67f174372 <unknown>\nE       #14 0x55a67f1411bf <unknown>\nE       #15 0x55a67f198488 <unknown>\nE       #16 0x55a67f198683 <unknown>\nE       #17 0x55a67f1a9044 <unknown>\nE       #18 0x7f97dbc94ac3 <unknown>\n\n/opt/hostedtoolcache/Python/3.12.2/x64/lib/python3.12/site-packages/selenium/webdriver/remote/errorhandler.py:229: NoSuchElementException","steps":[{"name":"Open URL","time":{"start":1709910710092,"stop":1709910710426,"duration":334},"status":"passed","steps":[],"attachments":[],"parameters":[],"shouldDisplayMessage":false,"stepsCount":0,"attachmentsCount":0,"hasContent":false},{"name":"Check is opened URL","time":{"start":1709910710426,"stop":1709910710429,"duration":3},"status":"passed","steps":[],"attachments":[],"parameters":[],"shouldDisplayMessage":false,"stepsCount":0,"attachmentsCount":0,"hasContent":false},{"name":"Show order status","time":{"start":1709910710429,"stop":1709910710440,"duration":11},"status":"broken","statusMessage":"selenium.common.exceptions.NoSuchElementException: Message: no such element: Unable to locate element: {\"method\":\"xpath\",\"selector\":\"(//tbody/tr/td/span)[1]\"}\n  (Session info: chrome-headless-shell=122.0.6261.94); For documentation on this error, please visit: https://www.selenium.dev/documentation/webdriver/troubleshooting/errors#no-such-element-exception\nStacktrace:\n#0 0x55a67f1a9e93 <unknown>\n#1 0x55a67eea1ce6 <unknown>\n#2 0x55a67eeece48 <unknown>\n#3 0x55a67eeecf01 <unknown>\n#4 0x55a67ef303f4 <unknown>\n#5 0x55a67ef0eedd <unknown>\n#6 0x55a67ef2d899 <unknown>\n#7 0x55a67ef0ec53 <unknown>\n#8 0x55a67eedfdb3 <unknown>\n#9 0x55a67eee077e <unknown>\n#10 0x55a67f16f7cb <unknown>\n#11 0x55a67f1737e5 <unknown>\n#12 0x55a67f15d0e1 <unknown>\n#13 0x55a67f174372 <unknown>\n#14 0x55a67f1411bf <unknown>\n#15 0x55a67f198488 <unknown>\n#16 0x55a67f198683 <unknown>\n#17 0x55a67f1a9044 <unknown>\n#18 0x7f97dbc94ac3 <unknown>\n\n","statusTrace":"  File \"/opt/hostedtoolcache/Python/3.12.2/x64/lib/python3.12/site-packages/allure_commons/_allure.py\", line 192, in impl\n    return func(*a, **kw)\n           ^^^^^^^^^^^^^^\n  File \"/home/runner/work/training_store_autotests/training_store_autotests/pages/orders_page.py\", line 33, in status_order\n    return self.driver.find_element(*self.STATUS_ORDER_BUTTON).text\n           ^^^^^^^^^^^^^^^^^^^^^^^^^^^^^^^^^^^^^^^^^^^^^^^^^^^\n  File \"/opt/hostedtoolcache/Python/3.12.2/x64/lib/python3.12/site-packages/selenium/webdriver/remote/webdriver.py\", line 741, in find_element\n    return self.execute(Command.FIND_ELEMENT, {\"using\": by, \"value\": value})[\"value\"]\n           ^^^^^^^^^^^^^^^^^^^^^^^^^^^^^^^^^^^^^^^^^^^^^^^^^^^^^^^^^^^^^^^^^\n  File \"/opt/hostedtoolcache/Python/3.12.2/x64/lib/python3.12/site-packages/selenium/webdriver/remote/webdriver.py\", line 347, in execute\n    self.error_handler.check_response(response)\n  File \"/opt/hostedtoolcache/Python/3.12.2/x64/lib/python3.12/site-packages/selenium/webdriver/remote/errorhandler.py\", line 229, in check_response\n    raise exception_class(message, screen, stacktrace)\n","steps":[],"attachments":[],"parameters":[],"shouldDisplayMessage":true,"stepsCount":0,"attachmentsCount":0,"hasContent":true}],"attachments":[],"parameters":[],"shouldDisplayMessage":true,"stepsCount":3,"attachmentsCount":0,"hasContent":true},"afterStages":[{"name":"driver::0","time":{"start":1709910710470,"stop":1709910710530,"duration":60},"status":"passed","steps":[],"attachments":[],"parameters":[],"shouldDisplayMessage":false,"stepsCount":0,"attachmentsCount":0,"hasContent":false}],"labels":[{"name":"feature","value":"Order history"},{"name":"tag","value":"smoke"},{"name":"parentSuite","value":"tests"},{"name":"suite","value":"test_orders"},{"name":"subSuite","value":"TestOrdersHistory"},{"name":"host","value":"fv-az891-898"},{"name":"thread","value":"1833-MainThread"},{"name":"framework","value":"pytest"},{"name":"language","value":"cpython3"},{"name":"package","value":"tests.test_orders"},{"name":"resultFormat","value":"allure2"}],"parameters":[],"links":[],"hidden":false,"retry":false,"extra":{"severity":"normal","retries":[],"categories":[{"name":"Test defects","matchedStatuses":[],"flaky":false}],"tags":["smoke"]},"source":"834a7a18ea21059b.json","parameterValues":[]}